#
# A fatal error has been detected by the Java Runtime Environment:
#
#  EXCEPTION_ACCESS_VIOLATION (0xc0000005) at pc=0x00007ffc2b65e912, pid=41416, tid=37544
#
# JRE version: 6.0_17-b04
# Java VM: Java HotSpot(TM) 64-Bit Server VM (14.3-b01 mixed mode windows-amd64 )
# Problematic frame:
# C  [ntdll.dll+0x9e912]
#
# If you would like to submit a bug report, please visit:
#   http://java.sun.com/webapps/bugreport/crash.jsp
#

---------------  T H R E A D  ---------------

Current thread (0x00000000157de000):  JavaThread "main" [_thread_in_Java, id=37544, stack(0x0000000001020000,0x0000000005020000)]

siginfo: ExceptionCode=0xc0000005, reading address 0xffffffffffffffff

Registers:
EAX=0x0000000005011001, EBX=0x0000000000000002, ECX=0x000000000501b7e8, EDX=0x000000000501b708
ESP=0x000000000501b688, EBP=0x00007ffc1078ba30, ESI=0x0000000000000023, EDI=0x0000000000000003
EIP=0x00007ffc2b65e912, EFLAGS=0x0000000000010202

Top of Stack: (sp=0x000000000501b688)
0x000000000501b688:   0000000000000202 00007ffc2b5cc50f
0x000000000501b698:   0000000078c53365 000000000000000a
0x000000000501b6a8:   00000000157de000 0000000000000000
0x000000000501b6b8:   0000000000000006 000000003155bc50
0x000000000501b6c8:   0000000078cfdaaf 00000000325ba5a0
0x000000000501b6d8:   0000000000000080 0000000000000000
0x000000000501b6e8:   0000000000000001 0000000000000008
0x000000000501b6f8:   0000000005011000 00000000325ba5a0
0x000000000501b708:   0000000005020000 0000000000000000
0x000000000501b718:   0000000000000001 0000000000000008
0x000000000501b728:   00000000053f0000 0000000000000510
0x000000000501b738:   00007ffc104e758c 0000000000000000
0x000000000501b748:   0000002300000003 0000000000000050
0x000000000501b758:   00007ffc2a330000 00000000325ba5a0
0x000000000501b768:   000000000501c040 0000000000000000
0x000000000501b778:   0000000000000063 0000000000000510 

Instructions: (pc=0x00007ffc2b65e912)
0x00007ffc2b65e902:   d9 b9 00 01 00 00 c7 81 02 01 00 00 00 00 00 00
0x00007ffc2b65e912:   0f 29 b1 00 02 00 00 0f 29 b9 10 02 00 00 44 0f 


Stack: [0x0000000001020000,0x0000000005020000],  sp=0x000000000501b688,  free space=65517k
Native frames: (J=compiled Java code, j=interpreted, Vv=VM code, C=native code)
C  [ntdll.dll+0x9e912]

Java frames: (J=compiled Java code, j=interpreted, Vv=VM code)
v  blob 0x000000003b897039
j  sun.misc.URLClassPath$JarLoader.ensureOpen()V+4
j  sun.misc.URLClassPath$JarLoader.getResource(Ljava/lang/String;Z)Lsun/misc/Resource;+21
j  sun.misc.URLClassPath.getResource(Ljava/lang/String;Z)Lsun/misc/Resource;+53
j  sun.misc.URLClassPath.getResource(Ljava/lang/String;)Lsun/misc/Resource;+3
j  java.lang.ClassLoader.getBootstrapResource(Ljava/lang/String;)Ljava/net/URL;+15
j  java.lang.ClassLoader.getResource(Ljava/lang/String;)Ljava/net/URL;+20
j  java.lang.ClassLoader.getResource(Ljava/lang/String;)Ljava/net/URL;+12
j  java.lang.ClassLoader.getSystemResource(Ljava/lang/String;)Ljava/net/URL;+15
j  java.lang.ClassLoader.getSystemResourceAsStream(Ljava/lang/String;)Ljava/io/InputStream;+1
j  com.sun.xml.internal.bind.v2.runtime.reflect.opt.AccessorInjector.tailor(Ljava/lang/String;Ljava/lang/String;[Ljava/lang/String;)[B+54
j  com.sun.xml.internal.bind.v2.runtime.reflect.opt.AccessorInjector.prepare(Ljava/lang/Class;Ljava/lang/String;Ljava/lang/String;[Ljava/lang/String;)Ljava/lang/Class;+37
j  com.sun.xml.internal.bind.v2.runtime.reflect.opt.OptimizedAccessorFactory.get(Ljava/lang/reflect/Method;Ljava/lang/reflect/Method;)Lcom/sun/xml/internal/bind/v2/runtime/reflect/Accessor;+509
j  com.sun.xml.internal.bind.v2.runtime.reflect.Accessor$GetterSetterReflection.optimize(Lcom/sun/xml/internal/bind/v2/runtime/JAXBContextImpl;)Lcom/sun/xml/internal/bind/v2/runtime/reflect/Accessor;+37
j  com.sun.xml.internal.bind.v2.runtime.property.SingleElementLeafProperty.<init>(Lcom/sun/xml/internal/bind/v2/runtime/JAXBContextImpl;Lcom/sun/xml/internal/bind/v2/model/runtime/RuntimeElementPropertyInfo;)V+88
v  ~StubRoutines::call_stub
j  sun.reflect.NativeConstructorAccessorImpl.newInstance0(Ljava/lang/reflect/Constructor;[Ljava/lang/Object;)Ljava/lang/Object;+0
j  sun.reflect.NativeConstructorAccessorImpl.newInstance([Ljava/lang/Object;)Ljava/lang/Object;+72
j  sun.reflect.DelegatingConstructorAccessorImpl.newInstance([Ljava/lang/Object;)Ljava/lang/Object;+5
j  java.lang.reflect.Constructor.newInstance([Ljava/lang/Object;)Ljava/lang/Object;+92
j  com.sun.xml.internal.bind.v2.runtime.property.PropertyFactory.create(Lcom/sun/xml/internal/bind/v2/runtime/JAXBContextImpl;Lcom/sun/xml/internal/bind/v2/model/runtime/RuntimePropertyInfo;)Lcom/sun/xml/internal/bind/v2/runtime/property/Property;+175
j  com.sun.xml.internal.bind.v2.runtime.ClassBeanInfoImpl.<init>(Lcom/sun/xml/internal/bind/v2/runtime/JAXBContextImpl;Lcom/sun/xml/internal/bind/v2/model/runtime/RuntimeClassInfo;)V+292
j  com.sun.xml.internal.bind.v2.runtime.JAXBContextImpl.getOrCreate(Lcom/sun/xml/internal/bind/v2/model/runtime/RuntimeClassInfo;)Lcom/sun/xml/internal/bind/v2/runtime/ClassBeanInfoImpl;+26
j  com.sun.xml.internal.bind.v2.runtime.ClassBeanInfoImpl.<init>(Lcom/sun/xml/internal/bind/v2/runtime/JAXBContextImpl;Lcom/sun/xml/internal/bind/v2/model/runtime/RuntimeClassInfo;)V+186
j  com.sun.xml.internal.bind.v2.runtime.JAXBContextImpl.getOrCreate(Lcom/sun/xml/internal/bind/v2/model/runtime/RuntimeClassInfo;)Lcom/sun/xml/internal/bind/v2/runtime/ClassBeanInfoImpl;+26
j  com.sun.xml.internal.bind.v2.runtime.JAXBContextImpl.<init>(Lcom/sun/xml/internal/bind/v2/runtime/JAXBContextImpl$JAXBContextBuilder;)V+655
j  com.sun.xml.internal.bind.v2.runtime.JAXBContextImpl$JAXBContextBuilder.build()Lcom/sun/xml/internal/bind/v2/runtime/JAXBContextImpl;+64
j  com.sun.xml.internal.bind.v2.ContextFactory.createContext([Ljava/lang/Class;Ljava/util/Collection;Ljava/util/Map;Ljava/lang/String;ZLcom/sun/xml/internal/bind/v2/model/annotation/RuntimeAnnotationReader;ZZZ)Lcom/sun/xml/internal/bind/api/JAXBRIContext;+79
j  com.sun.xml.internal.bind.v2.ContextFactory.createContext([Ljava/lang/Class;Ljava/util/Map;)Ljavax/xml/bind/JAXBContext;+278
j  com.sun.xml.internal.bind.v2.ContextFactory.createContext(Ljava/lang/String;Ljava/lang/ClassLoader;Ljava/util/Map;)Ljavax/xml/bind/JAXBContext;+171
v  ~StubRoutines::call_stub
j  sun.reflect.NativeMethodAccessorImpl.invoke0(Ljava/lang/reflect/Method;Ljava/lang/Object;[Ljava/lang/Object;)Ljava/lang/Object;+0
j  sun.reflect.NativeMethodAccessorImpl.invoke(Ljava/lang/Object;[Ljava/lang/Object;)Ljava/lang/Object;+87
j  sun.reflect.DelegatingMethodAccessorImpl.invoke(Ljava/lang/Object;[Ljava/lang/Object;)Ljava/lang/Object;+6
j  java.lang.reflect.Method.invoke(Ljava/lang/Object;[Ljava/lang/Object;)Ljava/lang/Object;+161
j  javax.xml.bind.ContextFinder.newInstance(Ljava/lang/String;Ljava/lang/String;Ljava/lang/ClassLoader;Ljava/util/Map;)Ljavax/xml/bind/JAXBContext;+60
j  javax.xml.bind.ContextFinder.find(Ljava/lang/String;Ljava/lang/String;Ljava/lang/ClassLoader;Ljava/util/Map;)Ljavax/xml/bind/JAXBContext;+348
j  javax.xml.bind.JAXBContext.newInstance(Ljava/lang/String;Ljava/lang/ClassLoader;Ljava/util/Map;)Ljavax/xml/bind/JAXBContext;+5
j  javax.xml.bind.JAXBContext.newInstance(Ljava/lang/String;Ljava/lang/ClassLoader;)Ljavax/xml/bind/JAXBContext;+5
j  javax.xml.bind.JAXBContext.newInstance(Ljava/lang/String;)Ljavax/xml/bind/JAXBContext;+7
j  com.mathworks.webservices.client.core.xml.JaxbResponseHandler.<init>(Ljava/lang/String;)V+12
j  com.mathworks.webservices.mls.MathWorksLicenseServerClientImpl.<init>(Lcom/mathworks/webservices/client/core/ClientConfiguration;)V+8
j  com.mathworks.webservices.mls.MathWorksLicenseServerClientImpl.<init>()V+8
j  com.mathworks.services.lmgr.MathWorksLicenseServerClientFactory.createClient()Lcom/mathworks/webservices/mls/MathWorksLicenseServerClient;+4
j  com.mathworks.services.lmgr.WebData.<init>()V+8
j  com.mathworks.jmi.LmgrWebHeartbeats.getWebLicenses()V+4
j  com.mathworks.jmi.LmgrWebHeartbeats.<clinit>()V+0
v  ~StubRoutines::call_stub
j  java.lang.Class.forName0(Ljava/lang/String;ZLjava/lang/ClassLoader;)Ljava/lang/Class;+0
j  java.lang.Class.forName(Ljava/lang/String;)Ljava/lang/Class;+5
j  com.mathworks.util.PostVMInit$StartupClass.init(ZZ)V+28
j  com.mathworks.util.PostVMInit.perform(ZZ)V+31
v  ~StubRoutines::call_stub

---------------  P R O C E S S  ---------------

Java Threads: ( => current thread )
  0x0000000031e47000 JavaThread "Timer-0" [_thread_blocked, id=77120, stack(0x0000000016bf0000,0x0000000016c70000)]
  0x0000000031c6e000 JavaThread "EventMgr Dispatcher" daemon [_thread_in_native, id=37960, stack(0x000000001b460000,0x000000001f460000)]
  0x000000003134b800 JavaThread "Low Memory Detector" daemon [_thread_blocked, id=9368, stack(0x00000000317b0000,0x0000000031830000)]
  0x0000000031347800 JavaThread "CompilerThread1" daemon [_thread_blocked, id=10412, stack(0x000000008fff0000,0x0000000093ff0000)]
  0x0000000031342000 JavaThread "CompilerThread0" daemon [_thread_blocked, id=76220, stack(0x000000008bff0000,0x000000008fff0000)]
  0x0000000031341800 JavaThread "Attach Listener" daemon [_thread_blocked, id=21832, stack(0x0000000031730000,0x00000000317b0000)]
  0x0000000031176800 JavaThread "Finalizer" daemon [_thread_blocked, id=43188, stack(0x00000000312b0000,0x0000000031330000)]
  0x000000003116f800 JavaThread "Reference Handler" daemon [_thread_blocked, id=64996, stack(0x0000000031230000,0x00000000312b0000)]
=>0x00000000157de000 JavaThread "main" [_thread_in_Java, id=37544, stack(0x0000000001020000,0x0000000005020000)]

Other Threads:
  0x000000003115c800 VMThread [stack: 0x0000000087ff0000,0x000000008bff0000] [id=48460]
  0x000000003136a800 WatcherThread [stack: 0x0000000093ff0000,0x0000000097ff0000] [id=52732]

VM state:not at safepoint (normal execution)

VM Mutex/Monitor currently owned by a thread: None

Heap
 PSYoungGen      total 14336K, used 10812K [0x000000004fb60000, 0x0000000050b60000, 0x0000000052c60000)
  eden space 12288K, 87% used [0x000000004fb60000,0x00000000505ef158,0x0000000050760000)
  from space 2048K, 0% used [0x0000000050960000,0x0000000050960000,0x0000000050b60000)
  to   space 2048K, 0% used [0x0000000050760000,0x0000000050760000,0x0000000050960000)
 PSOldGen        total 49152K, used 0K [0x0000000046860000, 0x0000000049860000, 0x000000004fb60000)
  object space 49152K, 0% used [0x0000000046860000,0x0000000046860000,0x0000000049860000)
 PSPermGen       total 32768K, used 6887K [0x000000003e860000, 0x0000000040860000, 0x0000000046860000)
  object space 32768K, 21% used [0x000000003e860000,0x000000003ef19e68,0x0000000040860000)

Dynamic libraries:
0x00007ff728200000 - 0x00007ff728232000 	D:\ToolSoft\matlab\bin\win64\MATLAB.exe
0x00007ffc2b5c0000 - 0x00007ffc2b7a1000 	C:\WINDOWS\SYSTEM32\ntdll.dll
0x00007ffc2a750000 - 0x00007ffc2a802000 	C:\WINDOWS\System32\KERNEL32.DLL
0x00007ffc28580000 - 0x00007ffc287f3000 	C:\WINDOWS\System32\KERNELBASE.dll
0x00007ffc25680000 - 0x00007ffc2570b000 	C:\WINDOWS\SYSTEM32\apphelp.dll
0x00007ffc104e0000 - 0x00007ffc1096f000 	C:\WINDOWS\SYSTEM32\AcLayers.DLL
0x00007ffc2a320000 - 0x00007ffc2a3be000 	C:\WINDOWS\System32\msvcrt.dll
0x00007ffc28bf0000 - 0x00007ffc28d80000 	C:\WINDOWS\System32\USER32.dll
0x00007ffc283c0000 - 0x00007ffc283e0000 	C:\WINDOWS\System32\win32u.dll
0x00007ffc2a290000 - 0x00007ffc2a2b8000 	C:\WINDOWS\System32\GDI32.dll
0x00007ffc28800000 - 0x00007ffc28992000 	C:\WINDOWS\System32\gdi32full.dll
0x00007ffc283e0000 - 0x00007ffc2847f000 	C:\WINDOWS\System32\msvcp_win.dll
0x00007ffc28480000 - 0x00007ffc2857a000 	C:\WINDOWS\System32\ucrtbase.dll
0x00007ffc2aac0000 - 0x00007ffc2ab11000 	C:\WINDOWS\System32\SHLWAPI.dll
0x00007ffc2b260000 - 0x00007ffc2b582000 	C:\WINDOWS\System32\combase.dll
0x00007ffc2ab20000 - 0x00007ffc2ac44000 	C:\WINDOWS\System32\RPCRT4.dll
0x00007ffc27990000 - 0x00007ffc27a0a000 	C:\WINDOWS\System32\bcryptPrimitives.dll
0x00007ffc1eff0000 - 0x00007ffc1f075000 	C:\WINDOWS\SYSTEM32\WINSPOOL.DRV
0x00007ffc278d0000 - 0x00007ffc278e1000 	C:\WINDOWS\System32\kernel.appcore.dll
0x00007ffc26740000 - 0x00007ffc268f4000 	C:\WINDOWS\SYSTEM32\PROPSYS.dll
0x00007ffc2a430000 - 0x00007ffc2a4f3000 	C:\WINDOWS\System32\OLEAUT32.dll
0x00007ffc2a830000 - 0x00007ffc2a8d9000 	C:\WINDOWS\System32\shcore.dll
0x00007ffc2a2c0000 - 0x00007ffc2a31b000 	C:\WINDOWS\System32\sechost.dll
0x00007ffc26e50000 - 0x00007ffc26e88000 	C:\WINDOWS\SYSTEM32\IPHLPAPI.DLL
0x00007ffc273b0000 - 0x00007ffc273d5000 	C:\WINDOWS\SYSTEM32\bcrypt.dll
0x0000000000df0000 - 0x0000000000df3000 	C:\WINDOWS\SYSTEM32\sfc.dll
0x00007ffc1cc90000 - 0x00007ffc1cca3000 	C:\WINDOWS\SYSTEM32\sfc_os.DLL
0x00007ffc22260000 - 0x00007ffc22271000 	C:\WINDOWS\SYSTEM32\SortWindows61.dll
0x00007ffc2a1c0000 - 0x00007ffc2a1ed000 	C:\WINDOWS\System32\IMM32.DLL
0x0000000074460000 - 0x0000000074554000 	D:\ToolSoft\matlab\bin\win64\libut.dll
0x00007ffc2a810000 - 0x00007ffc2a818000 	C:\WINDOWS\System32\PSAPI.DLL
0x00007ffc28a60000 - 0x00007ffc28b01000 	C:\WINDOWS\System32\ADVAPI32.dll
0x0000000073f70000 - 0x00000000740ad000 	D:\ToolSoft\matlab\bin\win64\libmwfl.dll
0x00007ffc2ac50000 - 0x00007ffc2ac6d000 	C:\WINDOWS\System32\imagehlp.dll
0x0000000074970000 - 0x0000000074b06000 	D:\ToolSoft\matlab\bin\win64\mcr.dll
0x000000005bc10000 - 0x000000005bce3000 	C:\WINDOWS\WinSxS\amd64_microsoft.vc90.crt_1fc8b3b9a1e18e3b_9.0.30729.9415_none_08e0c10ba840a28a\MSVCP90.dll
0x00007ffc28d80000 - 0x00007ffc2a1c0000 	C:\WINDOWS\System32\SHELL32.dll
0x00007ffc27a10000 - 0x00007ffc27a59000 	C:\WINDOWS\System32\cfgmgr32.dll
0x000000007bed0000 - 0x000000007c183000 	D:\ToolSoft\matlab\bin\win64\libmwservices.dll
0x00007ffc27cb0000 - 0x00007ffc283bd000 	C:\WINDOWS\System32\windows.storage.dll
0x000000005bde0000 - 0x000000005be83000 	C:\WINDOWS\WinSxS\amd64_microsoft.vc90.crt_1fc8b3b9a1e18e3b_9.0.30729.9415_none_08e0c10ba840a28a\MSVCR90.dll
0x00007ffc27900000 - 0x00007ffc2791f000 	C:\WINDOWS\System32\profapi.dll
0x00007ffc27940000 - 0x00007ffc2798c000 	C:\WINDOWS\System32\powrprof.dll
0x00007ffc278f0000 - 0x00007ffc278fa000 	C:\WINDOWS\System32\FLTLIB.DLL
0x00000000758a0000 - 0x0000000075952000 	D:\ToolSoft\matlab\bin\win64\libmwi18n.dll
0x00007ffc2a500000 - 0x00007ffc2a651000 	C:\WINDOWS\System32\ole32.dll
0x00007ffc2a660000 - 0x00007ffc2a74d000 	C:\WINDOWS\System32\COMDLG32.dll
0x00007ffc2a3c0000 - 0x00007ffc2a42c000 	C:\WINDOWS\System32\WS2_32.dll
0x000000007a560000 - 0x000000007a569000 	D:\ToolSoft\matlab\bin\win64\boost_system-vc90-mt-1_44.dll
0x000000007a2d0000 - 0x000000007a2e2000 	D:\ToolSoft\matlab\bin\win64\boost_thread-vc90-mt-1_44.dll
0x0000000059b60000 - 0x0000000059cd1000 	D:\ToolSoft\matlab\bin\win64\icuuc44.dll
0x00007ffc22a40000 - 0x00007ffc22c09000 	C:\WINDOWS\SYSTEM32\dbghelp.dll
0x000000005bad0000 - 0x000000005bae3000 	D:\ToolSoft\matlab\bin\win64\icuio44.dll
0x0000000180000000 - 0x0000000180046000 	D:\ToolSoft\matlab\bin\win64\tbb.dll
0x000000007a3b0000 - 0x000000007a3c0000 	D:\ToolSoft\matlab\bin\win64\boost_date_time-vc90-mt-1_44.dll
0x000000007a170000 - 0x000000007a19c000 	D:\ToolSoft\matlab\bin\win64\boost_filesystem-vc90-mt-1_44.dll
0x000000007a250000 - 0x000000007a263000 	D:\ToolSoft\matlab\bin\win64\boost_signals-vc90-mt-1_44.dll
0x0000000075000000 - 0x000000007536b000 	D:\ToolSoft\matlab\bin\win64\iqm.dll
0x0000000079fb0000 - 0x0000000079fe7000 	D:\ToolSoft\matlab\bin\win64\libmwbridge.dll
0x0000000075a20000 - 0x0000000075ae2000 	D:\ToolSoft\matlab\bin\win64\libmx.dll
0x000000005bbe0000 - 0x000000005bc05000 	D:\ToolSoft\matlab\bin\win64\libmex.dll
0x0000000075f10000 - 0x0000000075f5d000 	D:\ToolSoft\matlab\bin\win64\mpath.dll
0x000000007b680000 - 0x000000007bbe1000 	D:\ToolSoft\matlab\bin\win64\mlutil.dll
0x000000005bb20000 - 0x000000005bbd3000 	D:\ToolSoft\matlab\bin\win64\m_dispatcher.dll
0x000000005b630000 - 0x000000005b8a9000 	D:\ToolSoft\matlab\bin\win64\mcos.dll
0x000000005b000000 - 0x000000005b152000 	D:\ToolSoft\matlab\bin\win64\libmwgui.dll
0x000000005a650000 - 0x000000005aff3000 	D:\ToolSoft\matlab\bin\win64\hg.dll
0x000000005b530000 - 0x000000005b62d000 	D:\ToolSoft\matlab\bin\win64\hgutils.dll
0x0000000059e20000 - 0x000000005a641000 	D:\ToolSoft\matlab\bin\win64\m_interpreter.dll
0x0000000075710000 - 0x00000000757c1000 	D:\ToolSoft\matlab\bin\win64\jmi.dll
0x0000000059d60000 - 0x0000000059e1d000 	D:\ToolSoft\matlab\bin\win64\udd_mi.dll
0x000000005bb00000 - 0x000000005bb20000 	D:\ToolSoft\matlab\bin\win64\mwoles05.DLL
0x0000000059ce0000 - 0x0000000059d5c000 	D:\ToolSoft\matlab\bin\win64\comcli.dll
0x000000005baf0000 - 0x000000005bafc000 	D:\ToolSoft\matlab\bin\win64\mlautoregister.dll
0x00007ffc1d220000 - 0x00007ffc1d2c7000 	C:\WINDOWS\WinSxS\amd64_microsoft.windows.common-controls_6595b64144ccf1df_5.82.17134.556_none_f9532ef93094f863\COMCTL32.dll
0x000000007a010000 - 0x000000007a035000 	D:\ToolSoft\matlab\bin\win64\LIBEXPAT.dll
0x00007ffc22530000 - 0x00007ffc22547000 	C:\WINDOWS\SYSTEM32\NETAPI32.dll
0x0000000059960000 - 0x0000000059b51000 	D:\ToolSoft\matlab\bin\win64\icuin44.dll
0x0000000059890000 - 0x0000000059958000 	D:\ToolSoft\matlab\bin\win64\udd.dll
0x000000007a210000 - 0x000000007a228000 	D:\ToolSoft\matlab\bin\win64\zlib1.dll
0x0000000059810000 - 0x000000005988f000 	D:\ToolSoft\matlab\bin\win64\xmlcore.dll
0x000000007bc30000 - 0x000000007be83000 	D:\ToolSoft\matlab\bin\win64\xerces-c_2_7.dll
0x0000000074880000 - 0x000000007496d000 	D:\ToolSoft\matlab\bin\win64\boost_regex-vc90-mt-1_44.dll
0x000000005b510000 - 0x000000005b527000 	D:\ToolSoft\matlab\bin\win64\graphics_util.dll
0x0000000076100000 - 0x0000000076167000 	D:\ToolSoft\matlab\bin\win64\libmat.dll
0x0000000058e60000 - 0x0000000058ea2000 	D:\ToolSoft\matlab\bin\win64\libmwhardcopy.dll
0x0000000058e00000 - 0x0000000058e5a000 	D:\ToolSoft\matlab\bin\win64\libuij.dll
0x0000000059570000 - 0x000000005977c000 	D:\ToolSoft\matlab\bin\win64\hgdatatypes.dll
0x0000000058d70000 - 0x0000000058df6000 	D:\ToolSoft\matlab\bin\win64\libmwlapack.dll
0x0000000058880000 - 0x0000000058d64000 	C:\WINDOWS\WinSxS\amd64_microsoft.vc90.mfc_1fc8b3b9a1e18e3b_9.0.30729.6161_none_044aad0bab1eb146\mfc90.dll
0x0000000059780000 - 0x0000000059804000 	D:\ToolSoft\matlab\bin\win64\profiler.dll
0x0000000079f40000 - 0x0000000079f6d000 	D:\ToolSoft\matlab\bin\win64\libmwmathrng.dll
0x0000000059540000 - 0x0000000059561000 	D:\ToolSoft\matlab\bin\win64\m_pcodeio.dll
0x0000000079b10000 - 0x0000000079b77000 	D:\ToolSoft\matlab\bin\win64\m_ir.dll
0x0000000058ef0000 - 0x0000000059540000 	D:\ToolSoft\matlab\bin\win64\m_parser.dll
0x0000000058eb0000 - 0x0000000058ee1000 	D:\ToolSoft\matlab\bin\win64\m_pcodegen.dll
0x0000000058850000 - 0x000000005887f000 	C:\WINDOWS\WinSxS\amd64_microsoft.vc90.atl_1fc8b3b9a1e18e3b_9.0.30729.6161_none_0a1fd3a3a768b895\ATL90.DLL
0x0000000072d30000 - 0x0000000072f44000 	D:\ToolSoft\matlab\bin\win64\hdf5dll.dll
0x0000000058810000 - 0x0000000058822000 	D:\ToolSoft\matlab\bin\win64\libmwbinder.dll
0x000000005b500000 - 0x000000005b50b000 	D:\ToolSoft\matlab\bin\win64\libmwompwrapper.dll
0x00007ffc16a20000 - 0x00007ffc16a27000 	C:\WINDOWS\SYSTEM32\MSIMG32.dll
0x0000000074c10000 - 0x0000000074ced000 	D:\ToolSoft\matlab\bin\win64\libmwmathcore.dll
0x0000000058830000 - 0x000000005884a000 	D:\ToolSoft\matlab\bin\win64\ir_xfmr.dll
0x000000005bac0000 - 0x000000005bacc000 	D:\ToolSoft\matlab\bin\win64\mtok.dll
0x0000000075ea0000 - 0x0000000075f02000 	D:\ToolSoft\matlab\bin\win64\libmwcholmod.dll
0x000000007a460000 - 0x000000007a46d000 	D:\ToolSoft\matlab\bin\win64\libmwamd.dll
0x00000000587f0000 - 0x0000000058809000 	D:\ToolSoft\matlab\bin\win64\libmwblas.dll
0x000000007a4b0000 - 0x000000007a4bc000 	D:\ToolSoft\matlab\bin\win64\libmwcolamd.dll
0x00000000130d0000 - 0x00000000130db000 	D:\ToolSoft\matlab\bin\win64\libmwresource_core.dll
0x0000000013250000 - 0x0000000013546000 	D:\ToolSoft\matlab\bin\win64\libmwMATLAB_res.dll
0x0000000013550000 - 0x000000001381a000 	D:\ToolSoft\matlab\bin\win64\uiw.dll
0x0000000013100000 - 0x0000000013110000 	D:\ToolSoft\matlab\bin\win64\boost_iostreams-vc90-mt-1_44.dll
0x0000000013130000 - 0x0000000013177000 	D:\ToolSoft\matlab\bin\win64\boost_serialization-vc90-mt-1_44.dll
0x0000000013180000 - 0x00000000131a1000 	D:\ToolSoft\matlab\bin\win64\libmwmfl_scalar.dll
0x00000000131c0000 - 0x00000000131da000 	D:\ToolSoft\matlab\bin\win64\libmwMATLAB_settings_res.dll
0x0000000013820000 - 0x0000000014661000 	D:\ToolSoft\matlab\bin\win64\icudt44.dll
0x0000000013200000 - 0x000000001323b000 	D:\ToolSoft\matlab\bin\win64\libmwgbtutils.dll
0x0000000014680000 - 0x0000000014699000 	D:\ToolSoft\matlab\bin\win64\libmwgbt.dll
0x00000000146b0000 - 0x0000000014905000 	D:\ToolSoft\matlab\bin\win64\libmwmathutil.dll
0x0000000014920000 - 0x000000001498b000 	D:\ToolSoft\matlab\bin\win64\libmwspmatrix.dll
0x00000000149a0000 - 0x00000000149ae000 	D:\ToolSoft\matlab\bin\win64\nativejava_services.dll
0x00000000587e0000 - 0x00000000587ef000 	D:\ToolSoft\matlab\bin\win64\uinone.dll
0x00007ffc1d3c0000 - 0x00007ffc1d3da000 	C:\WINDOWS\SYSTEM32\MPR.dll
0x00007ffc25ff0000 - 0x00007ffc26088000 	C:\WINDOWS\system32\UxTheme.dll
0x00007ffc260c0000 - 0x00007ffc260e9000 	C:\WINDOWS\system32\dwmapi.dll
0x0000000014b90000 - 0x0000000014b99000 	C:\WINDOWS\WinSxS\amd64_microsoft.vc90.mfcloc_1fc8b3b9a1e18e3b_9.0.30729.6161_none_01c9581e60cbee58\MFC90CHS.DLL
0x0000000015640000 - 0x0000000015669000 	D:\ToolSoft\matlab\bin\win64\tbbmalloc.dll
0x00007ffc1eee0000 - 0x00007ffc1ef31000 	C:\Program Files (x86)\Common Files\Intel\Shared Libraries\redist\intel64\compiler\cilkrts20.dll

VM Arguments:
jvm_args: -Xss512k -XX:PermSize=32m -Xms64m -XX:NewRatio=3 -XX:MaxPermSize=128m -Xmx196m -XX:MaxDirectMemorySize=2147400000 -Dsun.java2d.noddraw=true -Dsun.awt.nopixfmt=true -Xshare:off -Xrs -Dsun.awt.disableMixing=true -Djava.library.path=D:\ToolSoft\matlab\bin\win64 vfprintf abort -Duser.language=en -Duser.country=US 
java_command: <unknown>
Launcher Type: generic

Environment Variables:
JAVA_HOME=D:\ToolSoft\java
CLASSPATH=D:\ToolSoft\java\lib\dt.jar;D:\ToolSoft\java\lib\tools.jar
PATH=C:\Program Files (x86)\Common Files\Intel\Shared Libraries\redist\intel64\compiler;C:\ProgramData\Oracle\Java\javapath;C:\WINDOWS\system32;C:\WINDOWS;C:\WINDOWS\System32\Wbem;C:\WINDOWS\System32\WindowsPowerShell\v1.0\;C:\Python27;D:\ToolSoft\java\bin;D:\ToolSoft\matlab\runtime\win64;D:\ToolSoft\matlab\bin;C:\Program Files\Microsoft\Web Platform Installer\;C:\Program Files (x86)\Microsoft ASP.NET\ASP.NET Web Pages\v1.0\;C:\Program Files (x86)\Windows Kits\8.0\Windows Performance Toolkit\;C:\Program Files\Microsoft SQL Server\110\Tools\Binn\;D:\Program Files\IBM\SPSS\Statistics\24\JRE\bin;C:\Program Files\Mplus\;C:\WINDOWS\System32\OpenSSH\;D:\Program\bin;D:\Program\redis\;C:\Program Files\MySQL\MySQL Utilities 1.6\;D:\Program Files\PyCharm 2018.2.5\Git\cmd;C:\python3.6\Anaconda3\Lib\site-packages\pytesser_v0.0.1\;C:\python3.6\Scripts\;C:\python3.6\;D:\ToolSoft\Tools\WinNT;D:\ToolSoft\MSDev98\Bin;D:\ToolSoft\Tools;D:\Microsoft Visual Studio\VC98\bin;C:\python3.6\Anaconda3;C:\Users\Andy\AppData\Local\GitHubDesktop\bin;C:\texlive\2015\bin\win32;C:\Users\Andy\AppData\Local\Microsoft\WindowsApps;F:\python3.6\Anaconda3;
USERNAME=Andy
OS=Windows_NT
PROCESSOR_IDENTIFIER=Intel64 Family 6 Model 158 Stepping 9, GenuineIntel



---------------  S Y S T E M  ---------------

OS: Windows NT 6.2 Build 9200 

CPU:total 8 (8 cores per cpu, 2 threads per core) family 6 model 158 stepping 9, cmov, cx8, fxsr, mmx, sse, sse2, sse3, ssse3, sse4.1, sse4.2, ht

Memory: 4k page, physical 16687808k(8251372k free), swap 26248528k(10619560k free)

vm_info: Java HotSpot(TM) 64-Bit Server VM (14.3-b01) for windows-amd64 JRE (1.6.0_17-b04), built on Oct 11 2009 00:46:08 by "java_re" with MS VC++ 8.0

time: Tue Mar 12 21:07:21 2019
elapsed time: 0 seconds

